Services
 - item matching

VAR Connect Menu
 - Reports
  - OrderNums list
  - OrderLines list  
  - Fulfilments/Receipts created
  - 


ORDER STATUS_ 
 - create OrderNum record for each PO
   - OrderNum, VendorOrderNum
   - Status
   - Order Date
   - LInk to ItemFF, Item Recpt
   - OrderNum payload
   - OrderNum lines
   - Link to process fulfillment


New Order Status process
  GetInputData
    - line up the POs to process
      - POs from vendors with VC Order status config
      - POs within the valid date
      - POs with status not in the ignore list
  Map
    - load the vendor config of the PO
    - run the order status of the PO
    - lookup for order num record (using vendor order number)
    - create/edit the OrderNum record
    - create/edit the OrderLines record
    - store the payload content (JSON/XML)
    - store the payload lines (JSON)
    - send the po number to reduceContext
    - if there's an error, update the PO
    - if there's an error regarding credentials


  Reduce
    - 
// in suitescript, how many usage limit for a map/reduce script



BIll CREATOR_

 - Allow Variance
   (Applied to Tax, Shipping, Other Charges)
   (Applied to price, uses Other charges)
   On: calculate variances on charges
        variances are collected, 
        if threshold is not set, show variance error
        if threshold is set, and it exceeds, show variance error
        if within threshold, bill is created, using charges and unitprice set on the bill
        
   Off: Ignore the variance calculations
        no calculation of variances
        bill will be created, using charges set on the bill

- Auto Process variances **
    (requires Allow Variances enabled)
    On: Automatically skips the variance error, 
        creates the bill using charges set on the bill

 - Ignore Charges 
   On: Do not add charges, skip variance calculations
   Off: Add the charges

 - Auto process variances
   On: Ignore variances
   Off: 

 - Allow adjustments
   On: 
   Off: 

 - Threshold
   On: 
   Off


Test POs

- Carasoft - B335757/B342731/B344380

** Arrow ** 
Order status
  * PO Field
    - vendor status
    - vendor msg

  * Vendor Order
    - PO link
    - OrderStatus link
    - vendor order number (text)
    - vendor order status (text)
    - order status (list) 
    - order lines (create new record)
    - order id
    - po link
    - order status
    - line status
    - shipdates
    - linenumber
    - lineuniqkey
    - tracking
    - serials
        - 

VAR Connect 
    Send PO
    Order Status
    Serials
Tab for Send PO


    Mark for Order status
    Mark for Send PO







VAR Connect Todo: 

_BILL CREATOR_
 * use adhoc Bill transfor to calculate tax, totals
 * skip non-receivable non-fulfillable lines on checking
 * one item on multiple lines
 * item map link

_ORDER STATUS_
 * po lines
 * item map link
 * serials link

_DEBUG TOOL_
 * order status
 * invoice status
 * po timeline

_SYNC